<?xml version="1.0" encoding="UTF-8"?>
<testng-results ignored="0" total="1" passed="1" failed="0" skipped="0">
  <reporter-output>
  </reporter-output>
  <suite started-at="2025-01-22T00:48:47 EST" name="Default suite" finished-at="2025-01-22T00:48:48 EST" duration-ms="113">
    <groups>
    </groups>
    <test started-at="2025-01-22T00:48:47 EST" name="Default test" finished-at="2025-01-22T00:48:48 EST" duration-ms="113">
      <class name="testpackage.TestClass">
        <test-method signature="test1()[pri:0, instance:testpackage.TestClass@206a70ef]" started-at="2025-01-22T00:48:47 EST" name="test1" finished-at="2025-01-22T00:48:48 EST" duration-ms="24" status="PASS">
          <reporter-output>
          </reporter-output>
        </test-method> <!-- test1 -->
      </class> <!-- testpackage.TestClass -->
    </test> <!-- Default test -->
  </suite> <!-- Default suite -->
</testng-results>
